<?xml version="1.0" encoding="UTF-8"?>
<testsuite xmlns:xsi="http://www.w3.org/2001/XMLSchema-instance" xsi:noNamespaceSchemaLocation="https://maven.apache.org/surefire/maven-surefire-plugin/xsd/surefire-test-report-3.0.xsd" version="3.0" name="com.hendisantika.springbootrestapipostgresql.SpringBootRestApiPostgresqlApplicationTests" time="16.632" tests="1" errors="0" skipped="0" failures="0">
  <properties>
[...]
</properties>
  <testcase name="contextLoads" classname="com.hendisantika.springbootrestapipostgresql.SpringBootRestApiPostgresqlApplicationTests" time="0.986">
    <system-out><![CDATA[22:12:57.438 [main] INFO org.springframework.test.context.support.AnnotationConfigContextLoaderUtils -- Could not detect default configuration classes for test class [com.hendisantika.springbootrestapipostgresql.SpringBootRestApiPostgresqlApplicationTests]: SpringBootRestApiPostgresqlApplicationTests does not declare any static, non-private, non-final, nested classes annotated with @Configuration.
22:12:57.641 [main] INFO org.springframework.boot.test.context.SpringBootTestContextBootstrapper -- Found @SpringBootConfiguration com.hendisantika.springbootrestapipostgresql.SpringBootRestApiPostgresqlApplication for test class com.hendisantika.springbootrestapipostgresql.SpringBootRestApiPostgresqlApplicationTests

  .   ____          _            __ _ _
 /\\ / ___'_ __ _ _(_)_ __  __ _ \ \ \ \
( ( )\___ | '_ | '_| | '_ \/ _` | \ \ \ \
 \\/  ___)| |_)| | | | | || (_| |  ) ) ) )
  '  |____| .__|_| |_|_| |_\__, | / / / /
 =========|_|==============|___/=/_/_/_/
 :: Spring Boot ::                (v3.1.5)

2024-01-16T22:12:58.603+01:00  INFO 13328 --- [           main] ingBootRestApiPostgresqlApplicationTests : Starting SpringBootRestApiPostgresqlApplicationTests using Java 20.0.2 with PID 13328 (started by skerdi in C:\Users\skerd\Desktop\Master Profesional\DEVOPS\Labs\devops-labs-master)
2024-01-16T22:12:58.605+01:00  INFO 13328 --- [           main] ingBootRestApiPostgresqlApplicationTests : No active profile set, falling back to 1 default profile: "default"
2024-01-16T22:13:00.244+01:00  INFO 13328 --- [           main] .s.d.r.c.RepositoryConfigurationDelegate : Bootstrapping Spring Data JPA repositories in DEFAULT mode.
2024-01-16T22:13:00.364+01:00  INFO 13328 --- [           main] .s.d.r.c.RepositoryConfigurationDelegate : Finished Spring Data repository scanning in 100 ms. Found 1 JPA repository interfaces.
2024-01-16T22:13:01.908+01:00  INFO 13328 --- [           main] o.hibernate.jpa.internal.util.LogHelper  : HHH000204: Processing PersistenceUnitInfo [name: default]
2024-01-16T22:13:02.046+01:00  INFO 13328 --- [           main] org.hibernate.Version                    : HHH000412: Hibernate ORM core version 6.2.13.Final
2024-01-16T22:13:02.052+01:00  INFO 13328 --- [           main] org.hibernate.cfg.Environment            : HHH000406: Using bytecode reflection optimizer
2024-01-16T22:13:02.829+01:00  INFO 13328 --- [           main] o.s.o.j.p.SpringPersistenceUnitInfo      : No LoadTimeWeaver setup: ignoring JPA class transformer
2024-01-16T22:13:02.896+01:00  INFO 13328 --- [           main] com.zaxxer.hikari.HikariDataSource       : HikariPool-1 - Starting...
2024-01-16T22:13:05.063+01:00  INFO 13328 --- [           main] com.zaxxer.hikari.pool.HikariPool        : HikariPool-1 - Added connection org.postgresql.jdbc.PgConnection@56b9d43f
2024-01-16T22:13:05.068+01:00  INFO 13328 --- [           main] com.zaxxer.hikari.HikariDataSource       : HikariPool-1 - Start completed.
2024-01-16T22:13:05.219+01:00  WARN 13328 --- [           main] org.hibernate.orm.deprecation            : HHH90000025: PostgreSQLDialect does not need to be specified explicitly using 'hibernate.dialect' (remove the property setting and it will be selected by default)
2024-01-16T22:13:07.787+01:00  INFO 13328 --- [           main] o.h.e.t.j.p.i.JtaPlatformInitiator       : HHH000489: No JTA platform available (set 'hibernate.transaction.jta.platform' to enable JTA platform integration)
2024-01-16T22:13:08.695+01:00  INFO 13328 --- [           main] j.LocalContainerEntityManagerFactoryBean : Initialized JPA EntityManagerFactory for persistence unit 'default'
2024-01-16T22:13:10.129+01:00  WARN 13328 --- [           main] JpaBaseConfiguration$JpaWebConfiguration : spring.jpa.open-in-view is enabled by default. Therefore, database queries may be performed during view rendering. Explicitly configure spring.jpa.open-in-view to disable this warning
2024-01-16T22:13:12.686+01:00  INFO 13328 --- [           main] ingBootRestApiPostgresqlApplicationTests : Started SpringBootRestApiPostgresqlApplicationTests in 14.724 seconds (process running for 16.683)
]]></system-out>
  </testcase>
</testsuite>